# JRE version: OpenJDK Runtime Environment Temurin-21.0.6+7 (21.0.6+7) (build 21.0.6+7-LTS)
# Java VM: OpenJDK 64-Bit Server VM Temurin-21.0.6+7 (21.0.6+7-LTS, mixed mode, sharing, tiered, compressed oops, compressed class ptrs, parallel gc, windows-amd64)
GC Precious Log:
 CardTable entry size: 512
 CPUs: 8 total, 8 available
 Memory: 16221M
 Large Page Support: Disabled
 NUMA Support: Disabled
 Compressed Oops: Enabled (32-bit)
 Alignments: Space 512K, Generation 512K, Heap 2M
 Heap Min Capacity: 100M
 Heap Initial Capacity: 100M
 Heap Max Capacity: 1G
 Pre-touch: Disabled
 Parallel Workers: 8
Heap:
 PSYoungGen      total 4096K, used 256K [0x00000000eab00000, 0x00000000eb080000, 0x0000000100000000)
  eden space 3584K, 0% used [0x00000000eab00000,0x00000000eab00000,0x00000000eae80000)
  from space 512K, 50% used [0x00000000eae80000,0x00000000eaec0000,0x00000000eaf00000)
  to   space 1024K, 0% used [0x00000000eaf80000,0x00000000eaf80000,0x00000000eb080000)
 ParOldGen       total 194560K, used 194065K [0x00000000c0000000, 0x00000000cbe00000, 0x00000000eab00000)
  object space 194560K, 99% used [0x00000000c0000000,0x00000000cbd84470,0x00000000cbe00000)
 Metaspace       used 58543K, committed 59776K, reserved 1114112K
  class space    used 6063K, committed 6592K, reserved 1048576K
GC Heap History (20 events):
Event: 16.857 GC heap before
{Heap before GC invocations=171 (full 2):
 PSYoungGen      total 4608K, used 4228K [0x00000000eab00000, 0x00000000eb080000, 0x0000000100000000)
  eden space 3584K, 99% used [0x00000000eab00000,0x00000000eae777f0,0x00000000eae80000)
  from space 1024K, 66% used [0x00000000eaf80000,0x00000000eb029968,0x00000000eb080000)
  to   space 1024K, 0% used [0x00000000eae80000,0x00000000eae80000,0x00000000eaf80000)
 ParOldGen       total 185344K, used 185246K [0x00000000c0000000, 0x00000000cb500000, 0x00000000eab00000)
  object space 185344K, 99% used [0x00000000c0000000,0x00000000cb4e7b00,0x00000000cb500000)
 Metaspace       used 57972K, committed 59264K, reserved 1114112K
  class space    used 5993K, committed 6528K, reserved 1048576K
}
Event: 16.860 GC heap after
{Heap after GC invocations=171 (full 2):
 PSYoungGen      total 4608K, used 732K [0x00000000eab00000, 0x00000000eb080000, 0x0000000100000000)
  eden space 3584K, 0% used [0x00000000eab00000,0x00000000eab00000,0x00000000eae80000)
  from space 1024K, 71% used [0x00000000eae80000,0x00000000eaf37278,0x00000000eaf80000)
  to   space 1024K, 0% used [0x00000000eaf80000,0x00000000eaf80000,0x00000000eb080000)
 ParOldGen       total 186368K, used 185863K [0x00000000c0000000, 0x00000000cb600000, 0x00000000eab00000)
  object space 186368K, 99% used [0x00000000c0000000,0x00000000cb581cd8,0x00000000cb600000)
 Metaspace       used 57972K, committed 59264K, reserved 1114112K
  class space    used 5993K, committed 6528K, reserved 1048576K
}
Event: 16.928 GC heap before
{Heap before GC invocations=172 (full 2):
 PSYoungGen      total 4608K, used 4316K [0x00000000eab00000, 0x00000000eb080000, 0x0000000100000000)
  eden space 3584K, 100% used [0x00000000eab00000,0x00000000eae80000,0x00000000eae80000)
  from space 1024K, 71% used [0x00000000eae80000,0x00000000eaf37278,0x00000000eaf80000)
  to   space 1024K, 0% used [0x00000000eaf80000,0x00000000eaf80000,0x00000000eb080000)
 ParOldGen       total 186368K, used 185863K [0x00000000c0000000, 0x00000000cb600000, 0x00000000eab00000)
  object space 186368K, 99% used [0x00000000c0000000,0x00000000cb581cd8,0x00000000cb600000)
 Metaspace       used 58235K, committed 59520K, reserved 1114112K
  class space    used 6019K, committed 6592K, reserved 1048576K
}
Event: 16.930 GC heap after
{Heap after GC invocations=172 (full 2):
 PSYoungGen      total 4608K, used 470K [0x00000000eab00000, 0x00000000eb080000, 0x0000000100000000)
  eden space 3584K, 0% used [0x00000000eab00000,0x00000000eab00000,0x00000000eae80000)
  from space 1024K, 45% used [0x00000000eaf80000,0x00000000eaff5b28,0x00000000eb080000)
  to   space 1024K, 0% used [0x00000000eae80000,0x00000000eae80000,0x00000000eaf80000)
 ParOldGen       total 186880K, used 186454K [0x00000000c0000000, 0x00000000cb680000, 0x00000000eab00000)
  object space 186880K, 99% used [0x00000000c0000000,0x00000000cb615a08,0x00000000cb680000)
 Metaspace       used 58235K, committed 59520K, reserved 1114112K
  class space    used 6019K, committed 6592K, reserved 1048576K
}
Event: 16.946 GC heap before
{Heap before GC invocations=173 (full 2):
 PSYoungGen      total 4608K, used 4054K [0x00000000eab00000, 0x00000000eb080000, 0x0000000100000000)
  eden space 3584K, 99% used [0x00000000eab00000,0x00000000eae7fef8,0x00000000eae80000)
  from space 1024K, 45% used [0x00000000eaf80000,0x00000000eaff5b28,0x00000000eb080000)
  to   space 1024K, 0% used [0x00000000eae80000,0x00000000eae80000,0x00000000eaf80000)
 ParOldGen       total 186880K, used 186454K [0x00000000c0000000, 0x00000000cb680000, 0x00000000eab00000)
  object space 186880K, 99% used [0x00000000c0000000,0x00000000cb615a08,0x00000000cb680000)
 Metaspace       used 58253K, committed 59584K, reserved 1114112K
  class space    used 6023K, committed 6592K, reserved 1048576K
}
Event: 16.948 GC heap after
{Heap after GC invocations=173 (full 2):
 PSYoungGen      total 4608K, used 644K [0x00000000eab00000, 0x00000000eb080000, 0x0000000100000000)
  eden space 3584K, 0% used [0x00000000eab00000,0x00000000eab00000,0x00000000eae80000)
  from space 1024K, 62% used [0x00000000eae80000,0x00000000eaf21268,0x00000000eaf80000)
  to   space 1024K, 0% used [0x00000000eaf80000,0x00000000eaf80000,0x00000000eb080000)
 ParOldGen       total 186880K, used 186770K [0x00000000c0000000, 0x00000000cb680000, 0x00000000eab00000)
  object space 186880K, 99% used [0x00000000c0000000,0x00000000cb664828,0x00000000cb680000)
 Metaspace       used 58253K, committed 59584K, reserved 1114112K
  class space    used 6023K, committed 6592K, reserved 1048576K
}
Event: 17.038 GC heap before
{Heap before GC invocations=174 (full 2):
 PSYoungGen      total 4608K, used 4228K [0x00000000eab00000, 0x00000000eb080000, 0x0000000100000000)
  eden space 3584K, 100% used [0x00000000eab00000,0x00000000eae80000,0x00000000eae80000)
  from space 1024K, 62% used [0x00000000eae80000,0x00000000eaf21268,0x00000000eaf80000)
  to   space 1024K, 0% used [0x00000000eaf80000,0x00000000eaf80000,0x00000000eb080000)
 ParOldGen       total 186880K, used 186770K [0x00000000c0000000, 0x00000000cb680000, 0x00000000eab00000)
  object space 186880K, 99% used [0x00000000c0000000,0x00000000cb664828,0x00000000cb680000)
 Metaspace       used 58297K, committed 59584K, reserved 1114112K
  class space    used 6034K, committed 6592K, reserved 1048576K
}
Event: 17.040 GC heap after
{Heap after GC invocations=174 (full 2):
 PSYoungGen      total 4608K, used 785K [0x00000000eab00000, 0x00000000eb080000, 0x0000000100000000)
  eden space 3584K, 0% used [0x00000000eab00000,0x00000000eab00000,0x00000000eae80000)
  from space 1024K, 76% used [0x00000000eaf80000,0x00000000eb044708,0x00000000eb080000)
  to   space 1024K, 0% used [0x00000000eae80000,0x00000000eae80000,0x00000000eaf80000)
 ParOldGen       total 187392K, used 187251K [0x00000000c0000000, 0x00000000cb700000, 0x00000000eab00000)
  object space 187392K, 99% used [0x00000000c0000000,0x00000000cb6dcc08,0x00000000cb700000)
 Metaspace       used 58297K, committed 59584K, reserved 1114112K
  class space    used 6034K, committed 6592K, reserved 1048576K
}
Event: 17.067 GC heap before
{Heap before GC invocations=175 (full 2):
 PSYoungGen      total 4608K, used 4353K [0x00000000eab00000, 0x00000000eb080000, 0x0000000100000000)
  eden space 3584K, 99% used [0x00000000eab00000,0x00000000eae7bfc0,0x00000000eae80000)
  from space 1024K, 76% used [0x00000000eaf80000,0x00000000eb044708,0x00000000eb080000)
  to   space 1024K, 0% used [0x00000000eae80000,0x00000000eae80000,0x00000000eaf80000)
 ParOldGen       total 187392K, used 187251K [0x00000000c0000000, 0x00000000cb700000, 0x00000000eab00000)
  object space 187392K, 99% used [0x00000000c0000000,0x00000000cb6dcc08,0x00000000cb700000)
 Metaspace       used 58343K, committed 59648K, reserved 1114112K
  class space    used 6040K, committed 6592K, reserved 1048576K
}
Event: 17.070 GC heap after
{Heap after GC invocations=175 (full 2):
 PSYoungGen      total 4608K, used 758K [0x00000000eab00000, 0x00000000eb080000, 0x0000000100000000)
  eden space 3584K, 0% used [0x00000000eab00000,0x00000000eab00000,0x00000000eae80000)
  from space 1024K, 74% used [0x00000000eae80000,0x00000000eaf3dae8,0x00000000eaf80000)
  to   space 1024K, 0% used [0x00000000eaf80000,0x00000000eaf80000,0x00000000eb080000)
 ParOldGen       total 187904K, used 187771K [0x00000000c0000000, 0x00000000cb780000, 0x00000000eab00000)
  object space 187904K, 99% used [0x00000000c0000000,0x00000000cb75efd0,0x00000000cb780000)
 Metaspace       used 58343K, committed 59648K, reserved 1114112K
  class space    used 6040K, committed 6592K, reserved 1048576K
}
Event: 17.088 GC heap before
{Heap before GC invocations=176 (full 2):
 PSYoungGen      total 4608K, used 4342K [0x00000000eab00000, 0x00000000eb080000, 0x0000000100000000)
  eden space 3584K, 100% used [0x00000000eab00000,0x00000000eae80000,0x00000000eae80000)
  from space 1024K, 74% used [0x00000000eae80000,0x00000000eaf3dae8,0x00000000eaf80000)
  to   space 1024K, 0% used [0x00000000eaf80000,0x00000000eaf80000,0x00000000eb080000)
 ParOldGen       total 187904K, used 187771K [0x00000000c0000000, 0x00000000cb780000, 0x00000000eab00000)
  object space 187904K, 99% used [0x00000000c0000000,0x00000000cb75efd0,0x00000000cb780000)
 Metaspace       used 58348K, committed 59648K, reserved 1114112K
  class space    used 6040K, committed 6592K, reserved 1048576K
}
Event: 17.091 GC heap after
{Heap after GC invocations=176 (full 2):
 PSYoungGen      total 4608K, used 752K [0x00000000eab00000, 0x00000000eb080000, 0x0000000100000000)
  eden space 3584K, 0% used [0x00000000eab00000,0x00000000eab00000,0x00000000eae80000)
  from space 1024K, 73% used [0x00000000eaf80000,0x00000000eb03c2a0,0x00000000eb080000)
  to   space 1024K, 0% used [0x00000000eae80000,0x00000000eae80000,0x00000000eaf80000)
 ParOldGen       total 188416K, used 188296K [0x00000000c0000000, 0x00000000cb800000, 0x00000000eab00000)
  object space 188416K, 99% used [0x00000000c0000000,0x00000000cb7e2220,0x00000000cb800000)
 Metaspace       used 58348K, committed 59648K, reserved 1114112K
  class space    used 6040K, committed 6592K, reserved 1048576K
}
Event: 17.128 GC heap before
{Heap before GC invocations=177 (full 2):
 PSYoungGen      total 4608K, used 4336K [0x00000000eab00000, 0x00000000eb080000, 0x0000000100000000)
  eden space 3584K, 100% used [0x00000000eab00000,0x00000000eae80000,0x00000000eae80000)
  from space 1024K, 73% used [0x00000000eaf80000,0x00000000eb03c2a0,0x00000000eb080000)
  to   space 1024K, 0% used [0x00000000eae80000,0x00000000eae80000,0x00000000eaf80000)
 ParOldGen       total 188416K, used 188296K [0x00000000c0000000, 0x00000000cb800000, 0x00000000eab00000)
  object space 188416K, 99% used [0x00000000c0000000,0x00000000cb7e2220,0x00000000cb800000)
 Metaspace       used 58361K, committed 59648K, reserved 1114112K
  class space    used 6041K, committed 6592K, reserved 1048576K
}
Event: 17.130 GC heap after
{Heap after GC invocations=177 (full 2):
 PSYoungGen      total 4608K, used 823K [0x00000000eab00000, 0x00000000eb080000, 0x0000000100000000)
  eden space 3584K, 0% used [0x00000000eab00000,0x00000000eab00000,0x00000000eae80000)
  from space 1024K, 80% used [0x00000000eae80000,0x00000000eaf4ddf0,0x00000000eaf80000)
  to   space 1024K, 0% used [0x00000000eaf80000,0x00000000eaf80000,0x00000000eb080000)
 ParOldGen       total 189440K, used 188955K [0x00000000c0000000, 0x00000000cb900000, 0x00000000eab00000)
  object space 189440K, 99% used [0x00000000c0000000,0x00000000cb886ed8,0x00000000cb900000)
 Metaspace       used 58361K, committed 59648K, reserved 1114112K
  class space    used 6041K, committed 6592K, reserved 1048576K
}
Event: 17.148 GC heap before
{Heap before GC invocations=178 (full 2):
 PSYoungGen      total 4608K, used 4405K [0x00000000eab00000, 0x00000000eb080000, 0x0000000100000000)
  eden space 3584K, 99% used [0x00000000eab00000,0x00000000eae7f798,0x00000000eae80000)
  from space 1024K, 80% used [0x00000000eae80000,0x00000000eaf4ddf0,0x00000000eaf80000)
  to   space 1024K, 0% used [0x00000000eaf80000,0x00000000eaf80000,0x00000000eb080000)
 ParOldGen       total 189440K, used 188955K [0x00000000c0000000, 0x00000000cb900000, 0x00000000eab00000)
  object space 189440K, 99% used [0x00000000c0000000,0x00000000cb886ed8,0x00000000cb900000)
 Metaspace       used 58361K, committed 59648K, reserved 1114112K
  class space    used 6041K, committed 6592K, reserved 1048576K
}
Event: 17.150 GC heap after
{Heap after GC invocations=178 (full 2):
 PSYoungGen      total 4608K, used 703K [0x00000000eab00000, 0x00000000eb080000, 0x0000000100000000)
  eden space 3584K, 0% used [0x00000000eab00000,0x00000000eab00000,0x00000000eae80000)
  from space 1024K, 68% used [0x00000000eaf80000,0x00000000eb02fda8,0x00000000eb080000)
  to   space 1024K, 0% used [0x00000000eae80000,0x00000000eae80000,0x00000000eaf80000)
 ParOldGen       total 189952K, used 189657K [0x00000000c0000000, 0x00000000cb980000, 0x00000000eab00000)
  object space 189952K, 99% used [0x00000000c0000000,0x00000000cb936438,0x00000000cb980000)
 Metaspace       used 58361K, committed 59648K, reserved 1114112K
  class space    used 6041K, committed 6592K, reserved 1048576K
}
Event: 17.161 GC heap before
{Heap before GC invocations=179 (full 2):
 PSYoungGen      total 4608K, used 4285K [0x00000000eab00000, 0x00000000eb080000, 0x0000000100000000)
  eden space 3584K, 99% used [0x00000000eab00000,0x00000000eae7f858,0x00000000eae80000)
  from space 1024K, 68% used [0x00000000eaf80000,0x00000000eb02fda8,0x00000000eb080000)
  to   space 1024K, 0% used [0x00000000eae80000,0x00000000eae80000,0x00000000eaf80000)
 ParOldGen       total 189952K, used 189657K [0x00000000c0000000, 0x00000000cb980000, 0x00000000eab00000)
  object space 189952K, 99% used [0x00000000c0000000,0x00000000cb936438,0x00000000cb980000)
 Metaspace       used 58368K, committed 59648K, reserved 1114112K
  class space    used 6041K, committed 6592K, reserved 1048576K
}
Event: 17.164 GC heap after
{Heap after GC invocations=179 (full 2):
 PSYoungGen      total 4608K, used 998K [0x00000000eab00000, 0x00000000eb280000, 0x0000000100000000)
  eden space 3584K, 0% used [0x00000000eab00000,0x00000000eab00000,0x00000000eae80000)
  from space 1024K, 97% used [0x00000000eae80000,0x00000000eaf79b30,0x00000000eaf80000)
  to   space 2048K, 0% used [0x00000000eb080000,0x00000000eb080000,0x00000000eb280000)
 ParOldGen       total 190464K, used 190286K [0x00000000c0000000, 0x00000000cba00000, 0x00000000eab00000)
  object space 190464K, 99% used [0x00000000c0000000,0x00000000cb9d3b10,0x00000000cba00000)
 Metaspace       used 58368K, committed 59648K, reserved 1114112K
  class space    used 6041K, committed 6592K, reserved 1048576K
}
Event: 17.180 GC heap before
{Heap before GC invocations=180 (full 2):
 PSYoungGen      total 4608K, used 4582K [0x00000000eab00000, 0x00000000eb280000, 0x0000000100000000)
  eden space 3584K, 100% used [0x00000000eab00000,0x00000000eae80000,0x00000000eae80000)
  from space 1024K, 97% used [0x00000000eae80000,0x00000000eaf79b30,0x00000000eaf80000)
  to   space 2048K, 0% used [0x00000000eb080000,0x00000000eb080000,0x00000000eb280000)
 ParOldGen       total 190464K, used 190286K [0x00000000c0000000, 0x00000000cba00000, 0x00000000eab00000)
  object space 190464K, 99% used [0x00000000c0000000,0x00000000cb9d3b10,0x00000000cba00000)
 Metaspace       used 58395K, committed 59648K, reserved 1114112K
  class space    used 6048K, committed 6592K, reserved 1048576K
}
Event: 17.181 GC heap after
{Heap after GC invocations=180 (full 2):
 PSYoungGen      total 4608K, used 825K [0x00000000eab00000, 0x00000000eb180000, 0x0000000100000000)
  eden space 3584K, 0% used [0x00000000eab00000,0x00000000eab00000,0x00000000eae80000)
  from space 1024K, 80% used [0x00000000eb080000,0x00000000eb14e690,0x00000000eb180000)
  to   space 1536K, 0% used [0x00000000eae80000,0x00000000eae80000,0x00000000eb000000)
 ParOldGen       total 190976K, used 190913K [0x00000000c0000000, 0x00000000cba80000, 0x00000000eab00000)
  object space 190976K, 99% used [0x00000000c0000000,0x00000000cba70628,0x00000000cba80000)
 Metaspace       used 58395K, committed 59648K, reserved 1114112K
  class space    used 6048K, committed 6592K, reserved 1048576K
}

